android/app/build/intermediates/manifest_merge_blame_file/debug/manifest-merger-blame-debug-report.txt
1<?xml version="1.0" encoding="utf-8"?>
2<manifest xmlns:android="http://schemas.android.com/apk/res/android"
3    package="com.netclackadmin"
4    android:versionCode="1"
5    android:versionName="1.0" >
6
7    <uses-sdk
8        android:minSdkVersion="21"
9        android:targetSdkVersion="31" />
10
11    <uses-permission android:name="android.permission.SYSTEM_ALERT_WINDOW" />
11-->src/debug/AndroidManifest.xml:5:5-77
11-->src/debug/AndroidManifest.xml:5:22-75
12    <uses-permission android:name="android.permission.ACCESS_FINE_LOCATION" />
12-->src/main/AndroidManifest.xml:5:5-78
12-->src/main/AndroidManifest.xml:5:22-76
13    <uses-permission android:name="android.permission.ACCESS_COARSE_LOCATION" />
13-->src/main/AndroidManifest.xml:6:5-80
13-->src/main/AndroidManifest.xml:6:22-78
14    <uses-permission android:name="android.permission.WRITE_EXTERNAL_STORAGE" />
14-->src/main/AndroidManifest.xml:7:5-81
14-->src/main/AndroidManifest.xml:7:22-78
15    <uses-permission android:name="android.permission.READ_EXTERNAL_STORAGE" />
15-->src/main/AndroidManifest.xml:8:5-79
15-->src/main/AndroidManifest.xml:8:22-77
16    <uses-permission android:name="android.permission.CAMERA" />
16-->src/main/AndroidManifest.xml:9:5-64
16-->src/main/AndroidManifest.xml:9:22-62
17    <uses-permission android:name="android.permission.INTERNET" />
17-->src/main/AndroidManifest.xml:4:5-67
17-->src/main/AndroidManifest.xml:4:22-64
18    <uses-permission android:name="android.permission.ACCESS_WIFI_STATE" />
18-->[com.facebook.flipper:flipper:0.125.0] AndroidManifest.xml:16:5-76
18-->[com.facebook.flipper:flipper:0.125.0] AndroidManifest.xml:16:22-73
19    <uses-permission android:name="android.permission.ACCESS_NETWORK_STATE" />
19-->[:react-native-community_netinfo] AndroidManifest.xml:9:5-79
19-->[:react-native-community_netinfo] AndroidManifest.xml:9:22-76
20
21    <application
21-->src/main/AndroidManifest.xml:10:5-29:19
22        android:name="com.netclackadmin.MainApplication"
22-->src/main/AndroidManifest.xml:11:7-38
23        android:allowBackup="false"
23-->src/main/AndroidManifest.xml:15:7-34
24        android:appComponentFactory="androidx.core.app.CoreComponentFactory"
24-->[androidx.core:core:1.7.0] AndroidManifest.xml:24:18-86
25        android:debuggable="true"
26        android:icon="@mipmap/ic_launcher"
26-->src/main/AndroidManifest.xml:13:7-41
27        android:label="@string/app_name"
27-->src/main/AndroidManifest.xml:12:7-39
28        android:roundIcon="@mipmap/ic_launcher_round"
28-->src/main/AndroidManifest.xml:14:7-52
29        android:theme="@style/AppTheme"
29-->src/main/AndroidManifest.xml:16:7-38
30        android:usesCleartextTraffic="true" >
30-->src/debug/AndroidManifest.xml:12:9-44
31        <activity
31-->src/debug/AndroidManifest.xml:15:9-111
32            android:name="com.facebook.react.devsupport.DevSettingsActivity"
32-->src/debug/AndroidManifest.xml:15:19-83
33            android:exported="false" />
33-->src/debug/AndroidManifest.xml:15:84-108
34        <activity
34-->src/main/AndroidManifest.xml:17:7-28:18
35            android:name="com.netclackadmin.MainActivity"
35-->src/main/AndroidManifest.xml:18:9-37
36            android:configChanges="keyboard|keyboardHidden|orientation|screenLayout|screenSize|smallestScreenSize|uiMode"
36-->src/main/AndroidManifest.xml:20:9-118
37            android:exported="true"
37-->src/main/AndroidManifest.xml:23:9-32
38            android:label="@string/app_name"
38-->src/main/AndroidManifest.xml:19:9-41
39            android:launchMode="singleTask"
39-->src/main/AndroidManifest.xml:21:9-40
40            android:windowSoftInputMode="adjustResize" >
40-->src/main/AndroidManifest.xml:22:9-51
41            <intent-filter>
41-->src/main/AndroidManifest.xml:24:9-27:25
42                <action android:name="android.intent.action.MAIN" />
42-->src/main/AndroidManifest.xml:25:13-65
42-->src/main/AndroidManifest.xml:25:21-62
43
44                <category android:name="android.intent.category.LAUNCHER" />
44-->src/main/AndroidManifest.xml:26:13-73
44-->src/main/AndroidManifest.xml:26:23-70
45            </intent-filter>
46        </activity>
47
48        <provider
48-->[:react-native-image-picker] AndroidManifest.xml:10:9-18:20
49            android:name="com.imagepicker.ImagePickerProvider"
49-->[:react-native-image-picker] AndroidManifest.xml:11:13-63
50            android:authorities="com.netclackadmin.imagepickerprovider"
50-->[:react-native-image-picker] AndroidManifest.xml:12:13-71
51            android:exported="false"
51-->[:react-native-image-picker] AndroidManifest.xml:13:13-37
52            android:grantUriPermissions="true" >
52-->[:react-native-image-picker] AndroidManifest.xml:14:13-47
53            <meta-data
53-->[:react-native-image-picker] AndroidManifest.xml:15:13-17:70
54                android:name="android.support.FILE_PROVIDER_PATHS"
54-->[:react-native-image-picker] AndroidManifest.xml:16:17-67
55                android:resource="@xml/imagepicker_provider_paths" />
55-->[:react-native-image-picker] AndroidManifest.xml:17:17-67
56        </provider>
57
58        <activity
58-->[com.google.android.gms:play-services-base:17.5.0] AndroidManifest.xml:23:9-26:75
59            android:name="com.google.android.gms.common.api.GoogleApiActivity"
59-->[com.google.android.gms:play-services-base:17.5.0] AndroidManifest.xml:24:13-79
60            android:exported="false"
60-->[com.google.android.gms:play-services-base:17.5.0] AndroidManifest.xml:25:13-37
61            android:theme="@android:style/Theme.Translucent.NoTitleBar" />
61-->[com.google.android.gms:play-services-base:17.5.0] AndroidManifest.xml:26:13-72
62
63        <meta-data
63-->[com.google.android.gms:play-services-basement:17.5.0] AndroidManifest.xml:23:9-25:69
64            android:name="com.google.android.gms.version"
64-->[com.google.android.gms:play-services-basement:17.5.0] AndroidManifest.xml:24:13-58
65            android:value="@integer/google_play_services_version" />
65-->[com.google.android.gms:play-services-basement:17.5.0] AndroidManifest.xml:25:13-66
66
67        <provider
67-->[androidx.emoji2:emoji2:1.0.0] AndroidManifest.xml:26:9-34:20
68            android:name="androidx.startup.InitializationProvider"
68-->[androidx.emoji2:emoji2:1.0.0] AndroidManifest.xml:27:13-67
69            android:authorities="com.netclackadmin.androidx-startup"
69-->[androidx.emoji2:emoji2:1.0.0] AndroidManifest.xml:28:13-68
70            android:exported="false" >
70-->[androidx.emoji2:emoji2:1.0.0] AndroidManifest.xml:29:13-37
71            <meta-data
71-->[androidx.emoji2:emoji2:1.0.0] AndroidManifest.xml:31:13-33:52
72                android:name="androidx.emoji2.text.EmojiCompatInitializer"
72-->[androidx.emoji2:emoji2:1.0.0] AndroidManifest.xml:32:17-75
73                android:value="androidx.startup" />
73-->[androidx.emoji2:emoji2:1.0.0] AndroidManifest.xml:33:17-49
74            <meta-data
74-->[androidx.lifecycle:lifecycle-process:2.4.0] AndroidManifest.xml:31:13-33:52
75                android:name="androidx.lifecycle.ProcessLifecycleInitializer"
75-->[androidx.lifecycle:lifecycle-process:2.4.0] AndroidManifest.xml:32:17-78
76                android:value="androidx.startup" />
76-->[androidx.lifecycle:lifecycle-process:2.4.0] AndroidManifest.xml:33:17-49
77        </provider>
78    </application>
79
80</manifest>